<?xml version="1.0" encoding="UTF-8"?>
<!-- Generated by org.testng.reporters.JUnitReportReporter -->
<testsuite hostname="DESKTOP-GL24HJN" failures="0" tests="2" name="mandatoryHomeWork.morningSession.ReverseInt" time="0.015" errors="0" timestamp="2023-08-21T08:41:41 IST" skipped="0">
  <testcase classname="mandatoryHomeWork.morningSession.ReverseInt" name="test2" time="0.000"/>
  <system-out/>
  <testcase classname="mandatoryHomeWork.morningSession.ReverseInt" name="test1" time="0.015"/>
  <system-out/>
</testsuite> <!-- mandatoryHomeWork.morningSession.ReverseInt -->
